<?xml version="1.0" encoding="UTF-8"?>
<testng-results ignored="0" total="5" passed="5" failed="0" skipped="0">
  <reporter-output>
  </reporter-output>
  <suite started-at="2023-04-24T22:48:56 EDT" name="Default suite" finished-at="2023-04-24T22:49:08 EDT" duration-ms="12276">
    <groups>
      <group name="cucumber">
        <method signature="AbstractTestNGCucumberTests.runScenario(io.cucumber.testng.PickleWrapper,io.cucumber.testng.FeatureWrapper)[pri:0, instance:copstonetests.TestRunner@24269709]" name="runScenario" class="io.cucumber.testng.AbstractTestNGCucumberTests"/>
      </group> <!-- cucumber -->
    </groups>
    <test started-at="2023-04-24T22:48:56 EDT" name="Default test" finished-at="2023-04-24T22:49:08 EDT" duration-ms="12276">
      <class name="copstonetests.TestRunner">
        <test-method is-config="true" signature="setUpClass(org.testng.ITestContext)[pri:0, instance:copstonetests.TestRunner@24269709]" started-at="2023-04-24T22:48:56 EDT" name="setUpClass" finished-at="2023-04-24T22:48:56 EDT" duration-ms="191" status="PASS">
          <params>
            <param index="0">
              <value>
                <![CDATA[org.testng.TestRunner@2291d9a0]]>
              </value>
            </param>
          </params>
          <reporter-output>
          </reporter-output>
        </test-method> <!-- setUpClass -->
        <test-method signature="runScenario(io.cucumber.testng.PickleWrapper,io.cucumber.testng.FeatureWrapper)[pri:0, instance:copstonetests.TestRunner@24269709]" started-at="2023-04-24T22:48:56 EDT" name="runScenario" description="Runs Cucumber Scenarios" data-provider="scenarios" finished-at="2023-04-24T22:49:01 EDT" duration-ms="4136" status="PASS">
          <params>
            <param index="0">
              <value>
                <![CDATA["A user should be able to see succ message"]]>
              </value>
            </param>
            <param index="1">
              <value>
                <![CDATA["Optional[Verrify success message]"]]>
              </value>
            </param>
          </params>
          <reporter-output>
          </reporter-output>
        </test-method> <!-- runScenario -->
        <test-method signature="runScenario(io.cucumber.testng.PickleWrapper,io.cucumber.testng.FeatureWrapper)[pri:0, instance:copstonetests.TestRunner@24269709]" started-at="2023-04-24T22:49:01 EDT" name="runScenario" description="Runs Cucumber Scenarios" data-provider="scenarios" finished-at="2023-04-24T22:49:02 EDT" duration-ms="1615" status="PASS">
          <params>
            <param index="0">
              <value>
                <![CDATA["A user should be see the error message"]]>
              </value>
            </param>
            <param index="1">
              <value>
                <![CDATA["Optional[Verrify error message]"]]>
              </value>
            </param>
          </params>
          <reporter-output>
          </reporter-output>
        </test-method> <!-- runScenario -->
        <test-method signature="runScenario(io.cucumber.testng.PickleWrapper,io.cucumber.testng.FeatureWrapper)[pri:0, instance:copstonetests.TestRunner@24269709]" started-at="2023-04-24T22:49:02 EDT" name="runScenario" description="Runs Cucumber Scenarios" data-provider="scenarios" finished-at="2023-04-24T22:49:04 EDT" duration-ms="1946" status="PASS">
          <params>
            <param index="0">
              <value>
                <![CDATA["user see error message at the end of run"]]>
              </value>
            </param>
            <param index="1">
              <value>
                <![CDATA["Optional[Last name error]"]]>
              </value>
            </param>
          </params>
          <reporter-output>
          </reporter-output>
        </test-method> <!-- runScenario -->
        <test-method signature="runScenario(io.cucumber.testng.PickleWrapper,io.cucumber.testng.FeatureWrapper)[pri:0, instance:copstonetests.TestRunner@24269709]" started-at="2023-04-24T22:49:04 EDT" name="runScenario" description="Runs Cucumber Scenarios" data-provider="scenarios" finished-at="2023-04-24T22:49:06 EDT" duration-ms="2055" status="PASS">
          <params>
            <param index="0">
              <value>
                <![CDATA["user can see success message"]]>
              </value>
            </param>
            <param index="1">
              <value>
                <![CDATA["Optional[Success message at the end of run]"]]>
              </value>
            </param>
          </params>
          <reporter-output>
          </reporter-output>
        </test-method> <!-- runScenario -->
        <test-method signature="runScenario(io.cucumber.testng.PickleWrapper,io.cucumber.testng.FeatureWrapper)[pri:0, instance:copstonetests.TestRunner@24269709]" started-at="2023-04-24T22:49:06 EDT" name="runScenario" description="Runs Cucumber Scenarios" data-provider="scenarios" finished-at="2023-04-24T22:49:08 EDT" duration-ms="2290" status="PASS">
          <params>
            <param index="0">
              <value>
                <![CDATA["can see the success message at the end"]]>
              </value>
            </param>
            <param index="1">
              <value>
                <![CDATA["Optional[Verrify final success message]"]]>
              </value>
            </param>
          </params>
          <reporter-output>
          </reporter-output>
        </test-method> <!-- runScenario -->
        <test-method is-config="true" signature="tearDownClass()[pri:0, instance:copstonetests.TestRunner@24269709]" started-at="2023-04-24T22:49:08 EDT" name="tearDownClass" finished-at="2023-04-24T22:49:08 EDT" duration-ms="6" status="PASS">
          <reporter-output>
          </reporter-output>
        </test-method> <!-- tearDownClass -->
      </class> <!-- copstonetests.TestRunner -->
    </test> <!-- Default test -->
  </suite> <!-- Default suite -->
</testng-results>
